<?xml version="1.0" encoding="UTF-8"?>
<robot generator="Robot 7.2.2 (Python 3.13.2 on win32)" generated="2025-02-27T21:49:35.776812" rpa="false" schemaversion="5">
<suite id="s1" name="Test" source="d:\VS_Code\Training\FEB_Batch_9-10pm\Automation\Test.robot">
<test id="s1-t1" name="td1" line="13">
<kw name="open browser and login">
<kw name="Open Browser" owner="SeleniumLibrary">
<msg time="2025-02-27T21:49:37.131211" level="INFO">Opening browser 'chrome' to base url 'https://opensource-demo.orangehrmlive.com/web/index.php/auth/login'.</msg>
<arg>https://opensource-demo.orangehrmlive.com/web/index.php/auth/login</arg>
<arg>chrome</arg>
<doc>Opens a new browser instance to the optional ``url``.</doc>
<status status="PASS" start="2025-02-27T21:49:37.127986" elapsed="5.473874"/>
</kw>
<kw name="Maximize Browser Window" owner="SeleniumLibrary">
<doc>Maximizes current browser window.</doc>
<status status="PASS" start="2025-02-27T21:49:42.604567" elapsed="0.126153"/>
</kw>
<kw name="Sleep" owner="BuiltIn">
<msg time="2025-02-27T21:49:44.739625" level="INFO">Slept 2 seconds.</msg>
<arg>2s</arg>
<doc>Pauses the test executed for the given time.</doc>
<status status="PASS" start="2025-02-27T21:49:42.734377" elapsed="2.008044"/>
</kw>
<kw name="Input Text" owner="SeleniumLibrary">
<msg time="2025-02-27T21:49:44.755992" level="INFO">Typing text 'Admin' into text field '//input[@name="username"]'.</msg>
<arg>//input[@name="username"]</arg>
<arg>Admin</arg>
<doc>Types the given ``text`` into the text field identified by ``locator``.</doc>
<status status="PASS" start="2025-02-27T21:49:44.745178" elapsed="0.332154"/>
</kw>
<kw name="Input Password" owner="SeleniumLibrary">
<msg time="2025-02-27T21:49:45.082466" level="INFO">Typing password into text field '//input[@name="password"]'.</msg>
<msg time="2025-02-27T21:49:45.170686" level="INFO">Temporally setting log level to: NONE</msg>
<arg>//input[@name="password"]</arg>
<arg>admin123</arg>
<doc>Types the given password into the text field identified by ``locator``.</doc>
<status status="PASS" start="2025-02-27T21:49:45.079171" elapsed="0.231829"/>
</kw>
<kw name="Click Button" owner="SeleniumLibrary">
<msg time="2025-02-27T21:49:45.317002" level="INFO">Clicking button '//button[@type="submit"]'.</msg>
<arg>//button[@type="submit"]</arg>
<doc>Clicks the button identified by ``locator``.</doc>
<status status="PASS" start="2025-02-27T21:49:45.313297" elapsed="0.216646"/>
</kw>
<status status="PASS" start="2025-02-27T21:49:37.113452" elapsed="8.419052"/>
</kw>
<status status="PASS" start="2025-02-27T21:49:37.100300" elapsed="8.437060"/>
</test>
<status status="PASS" start="2025-02-27T21:49:35.795218" elapsed="9.766167"/>
</suite>
<statistics>
<total>
<stat pass="1" fail="0" skip="0">All Tests</stat>
</total>
<tag>
</tag>
<suite>
<stat name="Test" id="s1" pass="1" fail="0" skip="0">Test</stat>
</suite>
</statistics>
<errors>
</errors>
</robot>
